<?xml version="1.0" encoding="UTF-8"?>
<!-- Generated by org.testng.reporters.JUnitXMLReporter -->
<testsuite ignored="0" hostname="The_Beast" failures="0" tests="4" name="Default test" time="6.848" errors="0" timestamp="2023-07-08T15:59:10 IST">
  <testcase classname="api.test.UserTests" name="testPostUser" time="2.293"/>
  <testcase classname="api.test.UserTests" name="testGetUser" time="1.109"/>
  <testcase classname="api.test.UserTests" name="testUpdateUser" time="2.169"/>
  <testcase classname="api.test.UserTests" name="testDeleteUser" time="1.055"/>
</testsuite> <!-- Default test -->
