<?xml version="1.0" encoding="UTF-8"?>
<testng-results ignored="0" total="4" passed="4" failed="0" skipped="0">
  <reporter-output>
  </reporter-output>
  <suite started-at="2023-07-09T11:12:16 IST" name="PetSuite" finished-at="2023-07-09T11:12:23 IST" duration-ms="7520">
    <groups>
    </groups>
    <test started-at="2023-07-09T11:12:16 IST" name="PetTests" finished-at="2023-07-09T11:12:23 IST" duration-ms="7520">
      <class name="api.test.UserTests2">
        <test-method is-config="true" signature="setUp()[pri:0, instance:api.test.UserTests2@1ea9f6af]" started-at="2023-07-09T11:12:16 IST" name="setUp" finished-at="2023-07-09T11:12:16 IST" duration-ms="610" status="PASS">
          <reporter-output>
          </reporter-output>
        </test-method> <!-- setUp -->
        <test-method signature="testPostUser()[pri:1, instance:api.test.UserTests2@1ea9f6af]" started-at="2023-07-09T11:12:16 IST" name="testPostUser" finished-at="2023-07-09T11:12:19 IST" duration-ms="2200" status="PASS">
          <reporter-output>
          </reporter-output>
        </test-method> <!-- testPostUser -->
        <test-method signature="testGetUser()[pri:2, instance:api.test.UserTests2@1ea9f6af]" started-at="2023-07-09T11:12:19 IST" name="testGetUser" finished-at="2023-07-09T11:12:20 IST" duration-ms="1074" status="PASS">
          <reporter-output>
          </reporter-output>
        </test-method> <!-- testGetUser -->
        <test-method signature="testUpdateUser()[pri:3, instance:api.test.UserTests2@1ea9f6af]" started-at="2023-07-09T11:12:20 IST" name="testUpdateUser" finished-at="2023-07-09T11:12:22 IST" duration-ms="2439" status="PASS">
          <reporter-output>
          </reporter-output>
        </test-method> <!-- testUpdateUser -->
        <test-method signature="testDeleteUser()[pri:4, instance:api.test.UserTests2@1ea9f6af]" started-at="2023-07-09T11:12:22 IST" name="testDeleteUser" finished-at="2023-07-09T11:12:23 IST" duration-ms="1098" status="PASS">
          <reporter-output>
          </reporter-output>
        </test-method> <!-- testDeleteUser -->
      </class> <!-- api.test.UserTests2 -->
    </test> <!-- PetTests -->
  </suite> <!-- PetSuite -->
</testng-results>
