<?xml version="1.0" encoding="UTF-8"?>
<testng-results ignored="0" total="4" passed="4" failed="0" skipped="0">
  <reporter-output>
  </reporter-output>
  <suite started-at="2023-07-09T07:18:13 IST" name="PetSuite" finished-at="2023-07-09T07:18:20 IST" duration-ms="7138">
    <groups>
    </groups>
    <test started-at="2023-07-09T07:18:13 IST" name="PetTests" finished-at="2023-07-09T07:18:20 IST" duration-ms="7138">
      <class name="api.test.UserTests2">
        <test-method is-config="true" signature="setUp()[pri:0, instance:api.test.UserTests2@6c80d78a]" started-at="2023-07-09T07:18:13 IST" name="setUp" finished-at="2023-07-09T07:18:14 IST" duration-ms="659" status="PASS">
          <reporter-output>
          </reporter-output>
        </test-method> <!-- setUp -->
        <test-method signature="testPostUser()[pri:1, instance:api.test.UserTests2@6c80d78a]" started-at="2023-07-09T07:18:14 IST" name="testPostUser" finished-at="2023-07-09T07:18:16 IST" duration-ms="2160" status="PASS">
          <reporter-output>
          </reporter-output>
        </test-method> <!-- testPostUser -->
        <test-method signature="testGetUser()[pri:2, instance:api.test.UserTests2@6c80d78a]" started-at="2023-07-09T07:18:16 IST" name="testGetUser" finished-at="2023-07-09T07:18:17 IST" duration-ms="1042" status="PASS">
          <reporter-output>
          </reporter-output>
        </test-method> <!-- testGetUser -->
        <test-method signature="testUpdateUser()[pri:3, instance:api.test.UserTests2@6c80d78a]" started-at="2023-07-09T07:18:17 IST" name="testUpdateUser" finished-at="2023-07-09T07:18:19 IST" duration-ms="2087" status="PASS">
          <reporter-output>
          </reporter-output>
        </test-method> <!-- testUpdateUser -->
        <test-method signature="testDeleteUser()[pri:4, instance:api.test.UserTests2@6c80d78a]" started-at="2023-07-09T07:18:19 IST" name="testDeleteUser" finished-at="2023-07-09T07:18:20 IST" duration-ms="1049" status="PASS">
          <reporter-output>
          </reporter-output>
        </test-method> <!-- testDeleteUser -->
      </class> <!-- api.test.UserTests2 -->
    </test> <!-- PetTests -->
  </suite> <!-- PetSuite -->
</testng-results>
