<?xml version="1.0" encoding="UTF-8"?>
<testng-results ignored="0" total="4" passed="4" failed="0" skipped="0">
  <reporter-output>
  </reporter-output>
  <suite started-at="2023-07-08T21:20:27 IST" name="PetSuite" finished-at="2023-07-08T21:20:34 IST" duration-ms="7256">
    <groups>
    </groups>
    <test started-at="2023-07-08T21:20:27 IST" name="PetTests" finished-at="2023-07-08T21:20:34 IST" duration-ms="7256">
      <class name="api.test.UserTests">
        <test-method is-config="true" signature="setUp()[pri:0, instance:api.test.UserTests@7b2bbc3]" started-at="2023-07-08T21:20:27 IST" name="setUp" finished-at="2023-07-08T21:20:28 IST" duration-ms="643" status="PASS">
          <reporter-output>
          </reporter-output>
        </test-method> <!-- setUp -->
        <test-method signature="testPostUser()[pri:1, instance:api.test.UserTests@7b2bbc3]" started-at="2023-07-08T21:20:28 IST" name="testPostUser" finished-at="2023-07-08T21:20:30 IST" duration-ms="2127" status="PASS">
          <reporter-output>
          </reporter-output>
        </test-method> <!-- testPostUser -->
        <test-method signature="testGetUser()[pri:2, instance:api.test.UserTests@7b2bbc3]" started-at="2023-07-08T21:20:30 IST" name="testGetUser" finished-at="2023-07-08T21:20:31 IST" duration-ms="1075" status="PASS">
          <reporter-output>
          </reporter-output>
        </test-method> <!-- testGetUser -->
        <test-method signature="testUpdateUser()[pri:3, instance:api.test.UserTests@7b2bbc3]" started-at="2023-07-08T21:20:31 IST" name="testUpdateUser" finished-at="2023-07-08T21:20:33 IST" duration-ms="2185" status="PASS">
          <reporter-output>
          </reporter-output>
        </test-method> <!-- testUpdateUser -->
        <test-method signature="testDeleteUser()[pri:4, instance:api.test.UserTests@7b2bbc3]" started-at="2023-07-08T21:20:33 IST" name="testDeleteUser" finished-at="2023-07-08T21:20:34 IST" duration-ms="1061" status="PASS">
          <reporter-output>
          </reporter-output>
        </test-method> <!-- testDeleteUser -->
      </class> <!-- api.test.UserTests -->
    </test> <!-- PetTests -->
  </suite> <!-- PetSuite -->
</testng-results>
