<?xml version="1.0" encoding="UTF-8"?>
<testng-results ignored="0" total="4" passed="4" failed="0" skipped="0">
  <reporter-output>
  </reporter-output>
  <suite started-at="2023-07-09T06:15:06 IST" name="PetSuite" finished-at="2023-07-09T06:15:13 IST" duration-ms="7177">
    <groups>
    </groups>
    <test started-at="2023-07-09T06:15:06 IST" name="PetTests" finished-at="2023-07-09T06:15:13 IST" duration-ms="7177">
      <class name="api.test.UserTests2">
        <test-method is-config="true" signature="setUp()[pri:0, instance:api.test.UserTests2@7b2bbc3]" started-at="2023-07-09T06:15:06 IST" name="setUp" finished-at="2023-07-09T06:15:07 IST" duration-ms="680" status="PASS">
          <reporter-output>
          </reporter-output>
        </test-method> <!-- setUp -->
        <test-method signature="testPostUser()[pri:1, instance:api.test.UserTests2@7b2bbc3]" started-at="2023-07-09T06:15:07 IST" name="testPostUser" finished-at="2023-07-09T06:15:09 IST" duration-ms="2048" status="PASS">
          <reporter-output>
          </reporter-output>
        </test-method> <!-- testPostUser -->
        <test-method signature="testGetUser()[pri:2, instance:api.test.UserTests2@7b2bbc3]" started-at="2023-07-09T06:15:09 IST" name="testGetUser" finished-at="2023-07-09T06:15:10 IST" duration-ms="1094" status="PASS">
          <reporter-output>
          </reporter-output>
        </test-method> <!-- testGetUser -->
        <test-method signature="testUpdateUser()[pri:3, instance:api.test.UserTests2@7b2bbc3]" started-at="2023-07-09T06:15:10 IST" name="testUpdateUser" finished-at="2023-07-09T06:15:12 IST" duration-ms="2089" status="PASS">
          <reporter-output>
          </reporter-output>
        </test-method> <!-- testUpdateUser -->
        <test-method signature="testDeleteUser()[pri:4, instance:api.test.UserTests2@7b2bbc3]" started-at="2023-07-09T06:15:12 IST" name="testDeleteUser" finished-at="2023-07-09T06:15:13 IST" duration-ms="1098" status="PASS">
          <reporter-output>
          </reporter-output>
        </test-method> <!-- testDeleteUser -->
      </class> <!-- api.test.UserTests2 -->
    </test> <!-- PetTests -->
  </suite> <!-- PetSuite -->
</testng-results>
