<?xml version="1.0" encoding="UTF-8"?>
<!-- Generated by org.testng.reporters.JUnitXMLReporter -->
<testsuite ignored="0" hostname="The_Beast" failures="0" tests="4" name="PetTests" time="7.219" errors="0" timestamp="2023-07-09T10:50:29 IST">
  <testcase classname="api.test.UserTests2" name="testPostUser" time="2.148"/>
  <testcase classname="api.test.UserTests2" name="testGetUser" time="1.101"/>
  <testcase classname="api.test.UserTests2" name="testUpdateUser" time="2.102"/>
  <testcase classname="api.test.UserTests2" name="testDeleteUser" time="1.054"/>
</testsuite> <!-- PetTests -->
