<?xml version="1.0" encoding="UTF-8"?>
<!-- Generated by org.testng.reporters.JUnitXMLReporter -->
<testsuite ignored="0" hostname="The_Beast" failures="0" tests="4" name="PetTests" time="7.52" errors="0" timestamp="2023-07-09T11:12:23 IST">
  <testcase classname="api.test.UserTests2" name="testPostUser" time="2.2"/>
  <testcase classname="api.test.UserTests2" name="testGetUser" time="1.074"/>
  <testcase classname="api.test.UserTests2" name="testUpdateUser" time="2.439"/>
  <testcase classname="api.test.UserTests2" name="testDeleteUser" time="1.098"/>
</testsuite> <!-- PetTests -->
