<?xml version="1.0" encoding="UTF-8"?>
<!-- Generated by org.testng.reporters.JUnitXMLReporter -->
<testsuite ignored="0" hostname="The_Beast" failures="0" tests="4" name="PetTests" time="7.256" errors="0" timestamp="2023-07-08T21:20:34 IST">
  <testcase classname="api.test.UserTests" name="testPostUser" time="2.127"/>
  <testcase classname="api.test.UserTests" name="testGetUser" time="1.075"/>
  <testcase classname="api.test.UserTests" name="testUpdateUser" time="2.185"/>
  <testcase classname="api.test.UserTests" name="testDeleteUser" time="1.061"/>
</testsuite> <!-- PetTests -->
